<?xml version="1.0" encoding="UTF-8"?>
<!-- Generated by org.testng.reporters.JUnitReportReporter -->
<testsuite skipped="0" hostname="DESKTOP-K2BH480" name="com.FlightBookingSystem.BookOneWayTrip" tests="1" failures="0" timestamp="2021-06-06T20:14:14 IST" time="15.140" errors="0">
  <testcase name="Tc_001" time="15.140" classname="com.FlightBookingSystem.BookOneWayTrip"/>
</testsuite> <!-- com.FlightBookingSystem.BookOneWayTrip -->
