<?xml version="1.0" encoding="UTF-8"?>
<!-- Generated by org.testng.reporters.JUnitReportReporter -->
<testsuite skipped="0" hostname="DESKTOP-K2BH480" name="com.FlightBookingSystem.BookOneWayTrip" tests="1" failures="0" timestamp="2021-06-06T21:25:59 IST" time="14.960" errors="0">
  <testcase name="Tc_001" time="14.960" classname="com.FlightBookingSystem.BookOneWayTrip"/>
</testsuite> <!-- com.FlightBookingSystem.BookOneWayTrip -->
