<?xml version="1.0" encoding="UTF-8"?>
<!-- Generated by org.testng.reporters.JUnitReportReporter -->
<testsuite skipped="0" hostname="DESKTOP-K2BH480" name="com.FlightBookingSystem.demo" tests="1" failures="0" timestamp="2021-06-06T19:09:15 IST" time="36.921" errors="0">
  <testcase name="invoke" time="36.921" classname="com.FlightBookingSystem.demo"/>
</testsuite> <!-- com.FlightBookingSystem.demo -->
